2025/05/29 17:37:00 [notice] 1#1: using the "epoll" event method
2025/05/29 17:37:00 [notice] 1#1: nginx/1.27.5
2025/05/29 17:37:00 [notice] 1#1: built by gcc 12.2.0 (Debian 12.2.0-14) 
2025/05/29 17:37:00 [notice] 1#1: OS: Linux 6.11.0-25-generic
2025/05/29 17:37:00 [notice] 1#1: getrlimit(RLIMIT_NOFILE): 1048576:1048576
2025/05/29 17:37:00 [notice] 1#1: start worker processes
2025/05/29 17:37:00 [notice] 1#1: start worker process 29
2025/05/29 17:37:00 [notice] 1#1: start worker process 30
2025/05/29 17:37:00 [notice] 1#1: start worker process 31
2025/05/29 17:37:00 [notice] 1#1: start worker process 32
2025/05/29 17:37:00 [notice] 1#1: start worker process 33
2025/05/29 17:37:00 [notice] 1#1: start worker process 34
2025/05/29 17:37:00 [notice] 1#1: start worker process 35
2025/05/29 17:37:00 [notice] 1#1: start worker process 36
2025/05/29 17:46:31 [notice] 1#1: signal 3 (SIGQUIT) received, shutting down
2025/05/29 17:46:31 [notice] 31#31: gracefully shutting down
2025/05/29 17:46:31 [notice] 33#33: gracefully shutting down
2025/05/29 17:46:31 [notice] 35#35: gracefully shutting down
2025/05/29 17:46:31 [notice] 31#31: exiting
2025/05/29 17:46:31 [notice] 33#33: exiting
2025/05/29 17:46:31 [notice] 35#35: exiting
2025/05/29 17:46:31 [notice] 36#36: gracefully shutting down
2025/05/29 17:46:31 [notice] 36#36: exiting
2025/05/29 17:46:31 [notice] 32#32: gracefully shutting down
2025/05/29 17:46:31 [notice] 34#34: gracefully shutting down
2025/05/29 17:46:31 [notice] 30#30: gracefully shutting down
2025/05/29 17:46:31 [notice] 36#36: exit
2025/05/29 17:46:31 [notice] 33#33: exit
2025/05/29 17:46:31 [notice] 35#35: exit
2025/05/29 17:46:31 [notice] 32#32: exiting
2025/05/29 17:46:31 [notice] 34#34: exiting
2025/05/29 17:46:31 [notice] 32#32: exit
2025/05/29 17:46:31 [notice] 31#31: exit
2025/05/29 17:46:31 [notice] 34#34: exit
2025/05/29 17:46:31 [notice] 30#30: exiting
2025/05/29 17:46:31 [notice] 30#30: exit
2025/05/29 17:46:31 [notice] 29#29: gracefully shutting down
2025/05/29 17:46:31 [notice] 29#29: exiting
2025/05/29 17:46:31 [notice] 29#29: exit
2025/05/29 17:46:31 [notice] 1#1: signal 17 (SIGCHLD) received from 34
2025/05/29 17:46:31 [notice] 1#1: worker process 32 exited with code 0
2025/05/29 17:46:31 [notice] 1#1: worker process 34 exited with code 0
2025/05/29 17:46:31 [notice] 1#1: signal 29 (SIGIO) received
2025/05/29 17:46:31 [notice] 1#1: signal 17 (SIGCHLD) received from 31
2025/05/29 17:46:31 [notice] 1#1: worker process 31 exited with code 0
2025/05/29 17:46:31 [notice] 1#1: signal 29 (SIGIO) received
2025/05/29 17:46:31 [notice] 1#1: signal 17 (SIGCHLD) received from 36
2025/05/29 17:46:31 [notice] 1#1: worker process 36 exited with code 0
2025/05/29 17:46:31 [notice] 1#1: signal 29 (SIGIO) received
2025/05/29 17:46:31 [notice] 1#1: signal 17 (SIGCHLD) received from 33
2025/05/29 17:46:31 [notice] 1#1: worker process 33 exited with code 0
2025/05/29 17:46:31 [notice] 1#1: worker process 30 exited with code 0
2025/05/29 17:46:31 [notice] 1#1: worker process 35 exited with code 0
2025/05/29 17:46:31 [notice] 1#1: signal 29 (SIGIO) received
2025/05/29 17:46:31 [notice] 1#1: signal 17 (SIGCHLD) received from 30
2025/05/29 17:46:31 [notice] 1#1: worker process 29 exited with code 0
2025/05/29 17:46:31 [notice] 1#1: exit
2025/05/29 17:46:57 [notice] 1#1: using the "epoll" event method
2025/05/29 17:46:57 [notice] 1#1: nginx/1.27.5
2025/05/29 17:46:57 [notice] 1#1: built by gcc 12.2.0 (Debian 12.2.0-14) 
2025/05/29 17:46:57 [notice] 1#1: OS: Linux 6.11.0-25-generic
2025/05/29 17:46:57 [notice] 1#1: getrlimit(RLIMIT_NOFILE): 1048576:1048576
2025/05/29 17:46:57 [notice] 1#1: start worker processes
2025/05/29 17:46:57 [notice] 1#1: start worker process 29
2025/05/29 17:46:57 [notice] 1#1: start worker process 30
2025/05/29 17:46:57 [notice] 1#1: start worker process 31
2025/05/29 17:46:57 [notice] 1#1: start worker process 32
2025/05/29 17:46:57 [notice] 1#1: start worker process 33
2025/05/29 17:46:57 [notice] 1#1: start worker process 34
2025/05/29 17:46:57 [notice] 1#1: start worker process 35
2025/05/29 17:46:57 [notice] 1#1: start worker process 36
2025/05/29 17:50:19 [notice] 1#1: signal 3 (SIGQUIT) received, shutting down
2025/05/29 17:50:19 [notice] 29#29: gracefully shutting down
2025/05/29 17:50:19 [notice] 30#30: gracefully shutting down
2025/05/29 17:50:19 [notice] 31#31: gracefully shutting down
2025/05/29 17:50:19 [notice] 34#34: gracefully shutting down
2025/05/29 17:50:19 [notice] 32#32: gracefully shutting down
2025/05/29 17:50:19 [notice] 29#29: exiting
2025/05/29 17:50:19 [notice] 30#30: exiting
2025/05/29 17:50:19 [notice] 31#31: exiting
2025/05/29 17:50:19 [notice] 34#34: exiting
2025/05/29 17:50:19 [notice] 32#32: exiting
2025/05/29 17:50:19 [notice] 31#31: exit
2025/05/29 17:50:19 [notice] 29#29: exit
2025/05/29 17:50:19 [notice] 30#30: exit
2025/05/29 17:50:19 [notice] 34#34: exit
2025/05/29 17:50:19 [notice] 32#32: exit
2025/05/29 17:50:19 [notice] 33#33: gracefully shutting down
2025/05/29 17:50:19 [notice] 33#33: exiting
2025/05/29 17:50:19 [notice] 33#33: exit
2025/05/29 17:50:19 [notice] 36#36: gracefully shutting down
2025/05/29 17:50:19 [notice] 35#35: gracefully shutting down
2025/05/29 17:50:19 [notice] 36#36: exiting
2025/05/29 17:50:19 [notice] 35#35: exiting
2025/05/29 17:50:19 [notice] 36#36: exit
2025/05/29 17:50:19 [notice] 35#35: exit
2025/05/29 17:50:19 [notice] 1#1: signal 17 (SIGCHLD) received from 33
2025/05/29 17:50:19 [notice] 1#1: worker process 33 exited with code 0
2025/05/29 17:50:19 [notice] 1#1: signal 29 (SIGIO) received
2025/05/29 17:50:19 [notice] 1#1: signal 17 (SIGCHLD) received from 30
2025/05/29 17:50:19 [notice] 1#1: worker process 30 exited with code 0
2025/05/29 17:50:19 [notice] 1#1: worker process 31 exited with code 0
2025/05/29 17:50:19 [notice] 1#1: worker process 34 exited with code 0
2025/05/29 17:50:19 [notice] 1#1: worker process 35 exited with code 0
2025/05/29 17:50:19 [notice] 1#1: signal 29 (SIGIO) received
2025/05/29 17:50:19 [notice] 1#1: signal 17 (SIGCHLD) received from 31
2025/05/29 17:50:19 [notice] 1#1: signal 17 (SIGCHLD) received from 29
2025/05/29 17:50:19 [notice] 1#1: worker process 29 exited with code 0
2025/05/29 17:50:19 [notice] 1#1: signal 29 (SIGIO) received
2025/05/29 17:50:19 [notice] 1#1: signal 17 (SIGCHLD) received from 36
2025/05/29 17:50:19 [notice] 1#1: worker process 36 exited with code 0
2025/05/29 17:50:19 [notice] 1#1: signal 29 (SIGIO) received
2025/05/29 17:50:19 [notice] 1#1: signal 17 (SIGCHLD) received from 32
2025/05/29 17:50:19 [notice] 1#1: worker process 32 exited with code 0
2025/05/29 17:50:19 [notice] 1#1: exit
2025/05/29 17:50:29 [notice] 1#1: using the "epoll" event method
2025/05/29 17:50:29 [notice] 1#1: nginx/1.27.5
2025/05/29 17:50:29 [notice] 1#1: built by gcc 12.2.0 (Debian 12.2.0-14) 
2025/05/29 17:50:29 [notice] 1#1: OS: Linux 6.11.0-25-generic
2025/05/29 17:50:29 [notice] 1#1: getrlimit(RLIMIT_NOFILE): 1048576:1048576
2025/05/29 17:50:29 [notice] 1#1: start worker processes
2025/05/29 17:50:29 [notice] 1#1: start worker process 29
2025/05/29 17:50:29 [notice] 1#1: start worker process 30
2025/05/29 17:50:29 [notice] 1#1: start worker process 31
2025/05/29 17:50:29 [notice] 1#1: start worker process 32
2025/05/29 17:50:29 [notice] 1#1: start worker process 33
2025/05/29 17:50:29 [notice] 1#1: start worker process 34
2025/05/29 17:50:29 [notice] 1#1: start worker process 35
2025/05/29 17:50:29 [notice] 1#1: start worker process 36
2025/05/29 17:52:15 [notice] 1#1: signal 3 (SIGQUIT) received, shutting down
2025/05/29 17:52:15 [notice] 30#30: gracefully shutting down
2025/05/29 17:52:15 [notice] 32#32: gracefully shutting down
2025/05/29 17:52:15 [notice] 31#31: gracefully shutting down
2025/05/29 17:52:15 [notice] 32#32: exiting
2025/05/29 17:52:15 [notice] 30#30: exiting
2025/05/29 17:52:15 [notice] 31#31: exiting
2025/05/29 17:52:15 [notice] 29#29: gracefully shutting down
2025/05/29 17:52:15 [notice] 33#33: gracefully shutting down
2025/05/29 17:52:15 [notice] 34#34: gracefully shutting down
2025/05/29 17:52:15 [notice] 29#29: exiting
2025/05/29 17:52:15 [notice] 34#34: exiting
2025/05/29 17:52:15 [notice] 33#33: exiting
2025/05/29 17:52:15 [notice] 36#36: gracefully shutting down
2025/05/29 17:52:15 [notice] 35#35: gracefully shutting down
2025/05/29 17:52:15 [notice] 36#36: exiting
2025/05/29 17:52:15 [notice] 35#35: exiting
2025/05/29 17:52:15 [notice] 32#32: exit
2025/05/29 17:52:15 [notice] 34#34: exit
2025/05/29 17:52:15 [notice] 29#29: exit
2025/05/29 17:52:15 [notice] 33#33: exit
2025/05/29 17:52:15 [notice] 30#30: exit
2025/05/29 17:52:15 [notice] 31#31: exit
2025/05/29 17:52:15 [notice] 36#36: exit
2025/05/29 17:52:15 [notice] 35#35: exit
2025/05/29 17:52:15 [notice] 1#1: signal 17 (SIGCHLD) received from 33
2025/05/29 17:52:15 [notice] 1#1: worker process 33 exited with code 0
2025/05/29 17:52:15 [notice] 1#1: worker process 35 exited with code 0
2025/05/29 17:52:15 [notice] 1#1: signal 29 (SIGIO) received
2025/05/29 17:52:15 [notice] 1#1: signal 17 (SIGCHLD) received from 32
2025/05/29 17:52:15 [notice] 1#1: worker process 32 exited with code 0
2025/05/29 17:52:15 [notice] 1#1: signal 29 (SIGIO) received
2025/05/29 17:52:15 [notice] 1#1: signal 17 (SIGCHLD) received from 29
2025/05/29 17:52:15 [notice] 1#1: worker process 29 exited with code 0
2025/05/29 17:52:15 [notice] 1#1: signal 29 (SIGIO) received
2025/05/29 17:52:15 [notice] 1#1: signal 17 (SIGCHLD) received from 34
2025/05/29 17:52:15 [notice] 1#1: worker process 31 exited with code 0
2025/05/29 17:52:15 [notice] 1#1: worker process 34 exited with code 0
2025/05/29 17:52:15 [notice] 1#1: worker process 36 exited with code 0
2025/05/29 17:52:15 [notice] 1#1: signal 29 (SIGIO) received
2025/05/29 17:52:15 [notice] 1#1: signal 17 (SIGCHLD) received from 30
2025/05/29 17:52:15 [notice] 1#1: worker process 30 exited with code 0
2025/05/29 17:52:15 [notice] 1#1: exit
2025/05/29 17:52:21 [notice] 1#1: using the "epoll" event method
2025/05/29 17:52:21 [notice] 1#1: nginx/1.27.5
2025/05/29 17:52:21 [notice] 1#1: built by gcc 12.2.0 (Debian 12.2.0-14) 
2025/05/29 17:52:21 [notice] 1#1: OS: Linux 6.11.0-25-generic
2025/05/29 17:52:21 [notice] 1#1: getrlimit(RLIMIT_NOFILE): 1048576:1048576
2025/05/29 17:52:21 [notice] 1#1: start worker processes
2025/05/29 17:52:21 [notice] 1#1: start worker process 22
2025/05/29 17:52:21 [notice] 1#1: start worker process 23
2025/05/29 17:52:21 [notice] 1#1: start worker process 24
2025/05/29 17:52:21 [notice] 1#1: start worker process 25
2025/05/29 17:52:21 [notice] 1#1: start worker process 26
2025/05/29 17:52:21 [notice] 1#1: start worker process 27
2025/05/29 17:52:21 [notice] 1#1: start worker process 28
2025/05/29 17:52:21 [notice] 1#1: start worker process 29
2025/05/30 05:38:48 [error] 23#23: *1 open() "/usr/share/nginx/html/favicon.ico" failed (2: No such file or directory), client: 172.20.0.1, server: localhost, request: "GET /favicon.ico HTTP/1.1", host: "localhost", referrer: "http://localhost/"
2025/05/30 06:17:44 [error] 26#26: *4 open() "/usr/share/nginx/html/nonexistentpage" failed (2: No such file or directory), client: 172.20.0.1, server: localhost, request: "GET /nonexistentpage HTTP/1.1", host: "localhost"
2025/05/30 06:18:00 [error] 22#22: *7 open() "/usr/share/nginx/html/nonexistentpage" failed (2: No such file or directory), client: 172.20.0.1, server: localhost, request: "GET /nonexistentpage HTTP/1.1", host: "localhost"
2025/05/30 14:07:56 [notice] 1#1: signal 3 (SIGQUIT) received, shutting down
2025/05/30 14:07:56 [notice] 23#23: gracefully shutting down
2025/05/30 14:07:56 [notice] 25#25: gracefully shutting down
2025/05/30 14:07:56 [notice] 22#22: gracefully shutting down
2025/05/30 14:07:56 [notice] 29#29: gracefully shutting down
2025/05/30 14:07:56 [notice] 28#28: gracefully shutting down
2025/05/30 14:07:56 [notice] 27#27: gracefully shutting down
2025/05/30 14:07:56 [notice] 24#24: gracefully shutting down
2025/05/30 14:07:56 [notice] 26#26: gracefully shutting down
2025/05/30 14:07:56 [notice] 22#22: exiting
2025/05/30 14:07:56 [notice] 29#29: exiting
2025/05/30 14:07:56 [notice] 28#28: exiting
2025/05/30 14:07:56 [notice] 25#25: exiting
2025/05/30 14:07:56 [notice] 23#23: exiting
2025/05/30 14:07:56 [notice] 24#24: exiting
2025/05/30 14:07:56 [notice] 22#22: exit
2025/05/30 14:07:56 [notice] 23#23: exit
2025/05/30 14:07:56 [notice] 24#24: exit
2025/05/30 14:07:56 [notice] 28#28: exit
2025/05/30 14:07:56 [notice] 29#29: exit
2025/05/30 14:07:56 [notice] 27#27: exiting
2025/05/30 14:07:56 [notice] 25#25: exit
2025/05/30 14:07:56 [notice] 27#27: exit
2025/05/30 14:07:56 [notice] 26#26: exiting
2025/05/30 14:07:56 [notice] 26#26: exit
2025/05/30 14:07:56 [notice] 1#1: signal 17 (SIGCHLD) received from 27
2025/05/30 14:07:56 [notice] 1#1: worker process 22 exited with code 0
2025/05/30 14:07:56 [notice] 1#1: worker process 25 exited with code 0
2025/05/30 14:07:56 [notice] 1#1: worker process 27 exited with code 0
2025/05/30 14:07:56 [notice] 1#1: signal 29 (SIGIO) received
2025/05/30 14:07:56 [notice] 1#1: signal 17 (SIGCHLD) received from 26
2025/05/30 14:07:56 [notice] 1#1: worker process 26 exited with code 0
2025/05/30 14:07:56 [notice] 1#1: worker process 29 exited with code 0
2025/05/30 14:07:56 [notice] 1#1: signal 29 (SIGIO) received
2025/05/30 14:07:56 [notice] 1#1: signal 17 (SIGCHLD) received from 28
2025/05/30 14:07:56 [notice] 1#1: worker process 28 exited with code 0
2025/05/30 14:07:56 [notice] 1#1: signal 29 (SIGIO) received
2025/05/30 14:07:56 [notice] 1#1: signal 17 (SIGCHLD) received from 23
2025/05/30 14:07:56 [notice] 1#1: worker process 23 exited with code 0
2025/05/30 14:07:56 [notice] 1#1: signal 29 (SIGIO) received
2025/05/30 14:07:56 [notice] 1#1: signal 17 (SIGCHLD) received from 24
2025/05/30 14:07:56 [notice] 1#1: worker process 24 exited with code 0
2025/05/30 14:07:56 [notice] 1#1: exit
